command: python -m sdetkit github-actions-onboarding --format json --strict
returncode: 0
ok: True
--- stdout ---
{
  "name": "github-actions-onboarding",
  "page": "docs/integrations-github-actions-quickstart.md",
  "variant": "minimal",
  "selected_workflow": "name: sdetkit-github-quickstart\non:\n  pull_request:\n  workflow_dispatch:\n\njobs:\n  quality-gate:\n    runs-on: ubuntu-latest\n    steps:\n      - uses: actions/checkout@v4\n      - uses: actions/setup-python@v5\n        with:\n          python-version: '3.11'\n      - run: python -m pip install -r requirements-test.txt -e .\n      - run: python -m sdetkit github-actions-onboarding --format json --strict\n      - run: python -m pytest -q tests/test_cli_sdetkit.py tests/test_github_actions_quickstart.py\n",
  "required_sections": [
    "## Who this recipe is for",
    "## 5-minute setup",
    "## Minimal workflow",
    "## Strict workflow variant",
    "## Nightly reliability variant",
    "## Fast verification commands",
    "## Multi-channel distribution loop",
    "## Failure recovery playbook",
    "## Rollout checklist"
  ],
  "required_commands": [
    "python -m sdetkit doctor --format text",
    "python -m sdetkit repo audit --format json",
    "python -m pytest -q tests/test_github_actions_quickstart.py tests/test_cli_help_lists_subcommands.py",
    "python scripts/check_github_actions_onboarding_contract.py",
    "python -m sdetkit github-actions-onboarding --execute --evidence-dir docs/artifacts/github-actions-onboarding-pack/evidence --format json --strict"
  ],
  "passed_checks": 18,
  "total_checks": 18,
  "score": 100.0,
  "missing": [],
  "touched_files": [],
  "actions": {
    "open_page": "docs/integrations-github-actions-quickstart.md",
    "validate": "sdetkit github-actions-onboarding --format json --strict",
    "validate_strict_variant": "sdetkit github-actions-onboarding --format json --variant strict --strict",
    "write_defaults": "sdetkit github-actions-onboarding --write-defaults --format json --strict",
    "artifact": "sdetkit github-actions-onboarding --format markdown --variant strict --output docs/artifacts/github-actions-onboarding-sample.md",
    "emit_pack": "sdetkit github-actions-onboarding --emit-pack-dir docs/artifacts/github-actions-onboarding-pack --format json --strict",
    "execute": "sdetkit github-actions-onboarding --execute --evidence-dir docs/artifacts/github-actions-onboarding-pack/evidence --format json --strict"
  }
}

--- stderr ---
