command: python -m sdetkit release-readiness --format json --strict
returncode: 0
ok: True
--- stdout ---
{
  "inputs": {
    "name14": {
      "score": 100.0,
      "status": "pass"
    },
    "name18": {
      "gate_status": "pass",
      "reliability_score": 95.09
    }
  },
  "name": "release-readiness",
  "recommendations": [
    "Release posture is strong; proceed with release candidate tagging and notes preparation."
  ],
  "score": 100.0,
  "strict_failures": [],
  "summary": {
    "gate_status": "pass",
    "release_score": 96.56,
    "strict_all_green": true
  }
}

--- stderr ---
