command: python scripts/check_day19_release_readiness_board_contract.py --skip-evidence
returncode: 1
ok: False
--- stdout ---

--- stderr ---
release-readiness-contract check failed:
 - README.md: missing '## Release readiness'
 - README.md: missing 'python -m sdetkit release-readiness --format text'
 - README.md: missing 'python -m sdetkit release-readiness --format json --strict'
 - README.md: missing 'python -m sdetkit release-readiness --emit-pack-dir docs/artifacts/release-readiness-pack --format json --strict'
 - README.md: missing 'python -m sdetkit release-readiness --execute --evidence-dir docs/artifacts/release-readiness-pack/evidence --format json --strict'
 - README.md: missing 'python scripts/check_day19_release_readiness_board_contract.py'
 - docs/index.md: missing 'Release readiness'
 - docs/index.md: missing 'sdetkit release-readiness --format json --strict'
 - docs/index.md: missing 'artifacts/release-readiness-pack/release-readiness-summary.json'
 - docs/cli.md: missing '## release-readiness'
 - docs/cli.md: missing '--day18-summary'
 - docs/cli.md: missing '--day14-summary'
 - docs/cli.md: missing '--min-release-score'
 - docs/cli.md: missing '--write-defaults'
 - docs/cli.md: missing '--execute'
 - docs/cli.md: missing '--evidence-dir'
 - docs/cli.md: missing '--timeout-sec'
 - docs/cli.md: missing '--emit-pack-dir'

