command: python -m sdetkit trust-assets --format json --strict
returncode: 1
ok: False
--- stdout ---
{
  "badge_checks": {
    "ci_badge": true,
    "mutation_badge": true,
    "pages_badge": true,
    "quality_badge": true,
    "security_badge": true
  },
  "checks": [
    {
      "category": "badges",
      "evidence": "actions/workflows/ci.yml/badge.svg",
      "key": "ci_badge",
      "passed": true,
      "weight": 10
    },
    {
      "category": "badges",
      "evidence": "actions/workflows/quality.yml/badge.svg",
      "key": "quality_badge",
      "passed": true,
      "weight": 10
    },
    {
      "category": "badges",
      "evidence": "actions/workflows/mutation-tests.yml/badge.svg",
      "key": "mutation_badge",
      "passed": true,
      "weight": 10
    },
    {
      "category": "badges",
      "evidence": "actions/workflows/security.yml/badge.svg",
      "key": "security_badge",
      "passed": true,
      "weight": 10
    },
    {
      "category": "badges",
      "evidence": "actions/workflows/pages.yml/badge.svg",
      "key": "pages_badge",
      "passed": true,
      "weight": 10
    },
    {
      "category": "policy",
      "evidence": {
        "exists": true,
        "path": "SECURITY.md",
        "readme_link": false
      },
      "key": "security_doc_exists",
      "passed": false,
      "weight": 10
    },
    {
      "category": "policy",
      "evidence": {
        "exists": true,
        "path": "docs/security.md",
        "readme_link": false
      },
      "key": "security_guide_exists",
      "passed": false,
      "weight": 10
    },
    {
      "category": "policy",
      "evidence": {
        "exists": true,
        "path": "docs/policy-and-baselines.md",
        "readme_link": false
      },
      "key": "policy_baseline_exists",
      "passed": false,
      "weight": 10
    },
    {
      "category": "governance",
      "evidence": ".github/workflows/ci.yml",
      "key": "ci_workflow",
      "passed": true,
      "weight": 6
    },
    {
      "category": "governance",
      "evidence": ".github/workflows/security.yml",
      "key": "security_workflow",
      "passed": true,
      "weight": 8
    },
    {
      "category": "governance",
      "evidence": ".github/workflows/pages.yml",
      "key": "pages_workflow",
      "passed": true,
      "weight": 4
    },
    {
      "category": "governance",
      "evidence": "docs/trust-assets.md",
      "key": "docs_index_trust_assets",
      "passed": true,
      "weight": 2
    }
  ],
  "governance_checks": {
    "ci_workflow": true,
    "docs_index_trust_assets": true,
    "pages_workflow": true,
    "security_workflow": true
  },
  "inputs": {
    "docs_index": "docs/index.md",
    "readme": "README.md"
  },
  "name": "trust-assets",
  "policy_checks": {
    "policy_baseline_exists": false,
    "security_doc_exists": false,
    "security_guide_exists": false
  },
  "recommendations": [
    "Ensure policy documents exist and are linked from README governance references."
  ],
  "score": 100.0,
  "strict_failures": [],
  "summary": {
    "category_coverage": {
      "badges": {
        "passed": 5,
        "total": 5
      },
      "governance": {
        "passed": 4,
        "total": 4
      },
      "policy": {
        "passed": 0,
        "total": 3
      }
    },
    "critical_failures": [
      "security_doc_exists"
    ],
    "failed_checks": 3,
    "trust_label": "review",
    "trust_score": 70.0,
    "weighted_points": {
      "earned": 70,
      "total": 100
    }
  }
}

--- stderr ---

